<?xml version="1.0" encoding="UTF-8"?>
<testsuite xmlns:xsi="http://www.w3.org/2001/XMLSchema-instance" xsi:noNamespaceSchemaLocation="https://maven.apache.org/surefire/maven-surefire-plugin/xsd/surefire-test-report-3.0.xsd" version="3.0" name="Tests.ManeTest" time="0.001" tests="2" errors="0" skipped="0" failures="0">
  <properties>
    <property name="java.specification.version" value="17"/>
    <property name="sun.cpu.isalist" value="amd64"/>
    <property name="sun.jnu.encoding" value="Cp1251"/>
    <property name="java.class.path" value="C:\cygwin64\home\AVorontsov\qa_java\target\test-classes;C:\cygwin64\home\AVorontsov\qa_java\target\classes;C:\Users\AVorontsov\.m2\repository\junit\junit\4.13.2\junit-4.13.2.jar;C:\Users\AVorontsov\.m2\repository\org\hamcrest\hamcrest-core\1.3\hamcrest-core-1.3.jar;C:\Users\AVorontsov\.m2\repository\org\mockito\mockito-core\3.12.4\mockito-core-3.12.4.jar;C:\Users\AVorontsov\.m2\repository\net\bytebuddy\byte-buddy-agent\1.11.13\byte-buddy-agent-1.11.13.jar;C:\Users\AVorontsov\.m2\repository\org\objenesis\objenesis\3.2\objenesis-3.2.jar;C:\Users\AVorontsov\.m2\repository\net\bytebuddy\byte-buddy\1.11.16\byte-buddy-1.11.16.jar;"/>
    <property name="java.vm.vendor" value="BellSoft"/>
    <property name="sun.arch.data.model" value="64"/>
    <property name="user.variant" value=""/>
    <property name="java.vendor.url" value="https://bell-sw.com/"/>
    <property name="user.timezone" value="Europe/Moscow"/>
    <property name="os.name" value="Windows 10"/>
    <property name="java.vm.specification.version" value="17"/>
    <property name="sun.java.launcher" value="SUN_STANDARD"/>
    <property name="user.country" value="RU"/>
    <property name="sun.boot.library.path" value="C:\YKEP\bellsoft-jdk17.0.6+10-windows-amd64-full\jdk-17.0.6-full\bin"/>
    <property name="sun.java.command" value="C:\Users\AVorontsov\AppData\Local\Temp\surefire1943413952646686043\surefirebooter-20240520210117745_3.jar C:\Users\AVorontsov\AppData\Local\Temp\surefire1943413952646686043 2024-05-20T21-01-17_558-jvmRun1 surefire-20240520210117745_1tmp surefire_0-20240520210117745_2tmp"/>
    <property name="jdk.debug" value="release"/>
    <property name="surefire.test.class.path" value="C:\cygwin64\home\AVorontsov\qa_java\target\test-classes;C:\cygwin64\home\AVorontsov\qa_java\target\classes;C:\Users\AVorontsov\.m2\repository\junit\junit\4.13.2\junit-4.13.2.jar;C:\Users\AVorontsov\.m2\repository\org\hamcrest\hamcrest-core\1.3\hamcrest-core-1.3.jar;C:\Users\AVorontsov\.m2\repository\org\mockito\mockito-core\3.12.4\mockito-core-3.12.4.jar;C:\Users\AVorontsov\.m2\repository\net\bytebuddy\byte-buddy-agent\1.11.13\byte-buddy-agent-1.11.13.jar;C:\Users\AVorontsov\.m2\repository\org\objenesis\objenesis\3.2\objenesis-3.2.jar;C:\Users\AVorontsov\.m2\repository\net\bytebuddy\byte-buddy\1.11.16\byte-buddy-1.11.16.jar;"/>
    <property name="sun.cpu.endian" value="little"/>
    <property name="user.home" value="C:\Users\AVorontsov"/>
    <property name="user.language" value="ru"/>
    <property name="java.specification.vendor" value="Oracle Corporation"/>
    <property name="java.version.date" value="2023-01-17"/>
    <property name="java.home" value="C:\YKEP\bellsoft-jdk17.0.6+10-windows-amd64-full\jdk-17.0.6-full"/>
    <property name="file.separator" value="\"/>
    <property name="basedir" value="C:\cygwin64\home\AVorontsov\qa_java"/>
    <property name="java.vm.compressedOopsMode" value="Zero based"/>
    <property name="line.separator" value="&#10;"/>
    <property name="java.vm.specification.vendor" value="Oracle Corporation"/>
    <property name="java.specification.name" value="Java Platform API Specification"/>
    <property name="surefire.real.class.path" value="C:\Users\AVorontsov\AppData\Local\Temp\surefire1943413952646686043\surefirebooter-20240520210117745_3.jar"/>
    <property name="user.script" value=""/>
    <property name="sun.management.compiler" value="HotSpot 64-Bit Tiered Compilers"/>
    <property name="java.runtime.version" value="17.0.6+10-LTS"/>
    <property name="user.name" value="AVorontsov"/>
    <property name="path.separator" value=";"/>
    <property name="os.version" value="10.0"/>
    <property name="java.runtime.name" value="OpenJDK Runtime Environment"/>
    <property name="file.encoding" value="Cp1251"/>
    <property name="java.vm.name" value="OpenJDK 64-Bit Server VM"/>
    <property name="localRepository" value="C:\Users\AVorontsov\.m2\repository"/>
    <property name="java.vendor.url.bug" value="https://bell-sw.com/support"/>
    <property name="java.io.tmpdir" value="C:\Users\AVORON~1\AppData\Local\Temp\"/>
    <property name="idea.version" value="2023.3.4"/>
    <property name="java.version" value="17.0.6"/>
    <property name="user.dir" value="C:\cygwin64\home\AVorontsov\qa_java"/>
    <property name="os.arch" value="amd64"/>
    <property name="java.vm.specification.name" value="Java Virtual Machine Specification"/>
    <property name="sun.os.patch.level" value=""/>
    <property name="native.encoding" value="Cp1251"/>
    <property name="java.library.path" value="C:\YKEP\bellsoft-jdk17.0.6+10-windows-amd64-full\jdk-17.0.6-full\bin;C:\Windows\Sun\Java\bin;C:\Windows\system32;C:\Windows;C:\Program Files\Amazon Corretto\jdk11.0.22_7\bin;C:\YKEP\bellsoft-jdk17.0.6+10-windows-amd64-full\jdk-17.0.6-full\bin;C:\Program Files\BellSoft\LibericaJDK-17-Lite\bin\;C:\Program Files (x86)\NVIDIA Corporation\PhysX\Common;C:\Windows\system32;C:\Windows;C:\Windows\System32\Wbem;C:\Windows\System32\WindowsPowerShell\v1.0\;C:\Windows\System32\OpenSSH\;C:\Program Files\apache-maven-3.9.6\bin;C:\Program Files\Git\cmd;C:\Program Files\Git\mingw64\bin;C:\Program Files\Git\usr\bin;C:\WebDriver\bin;C:\Windows\system32\config\systemprofile\AppData\Local\Microsoft\WindowsApps;C:\Users\AVorontsov\AppData\Local\Programs\Lens\resources\cli\bin;C:\WebDriver\bin;;."/>
    <property name="java.vm.info" value="mixed mode, sharing"/>
    <property name="java.vendor" value="BellSoft"/>
    <property name="java.vm.version" value="17.0.6+10-LTS"/>
    <property name="sun.io.unicode.encoding" value="UnicodeLittle"/>
    <property name="java.class.version" value="61.0"/>
  </properties>
  <testcase name="ManeTest[0]" classname="Tests.ManeTest" time="0.0"/>
  <testcase name="ManeTest[1]" classname="Tests.ManeTest" time="0.0"/>
</testsuite>